<?xml version="1.0" encoding="UTF-8"?>
<testsuite name="registrarNota" tests="1" skipped="0" failures="0" errors="0" timestamp="2022-08-13T07:39:38" hostname="DESKTOP-0FUN64B" time="56.884">
  <properties/>
  <testcase name="registrarMultiplesNota()" classname="registrarNota" time="56.884"/>
  <system-out><![CDATA[]]></system-out>
  <system-err><![CDATA[SLF4J: Failed to load class "org.slf4j.impl.StaticLoggerBinder".
SLF4J: Defaulting to no-operation (NOP) logger implementation
SLF4J: See http://www.slf4j.org/codes.html#StaticLoggerBinder for further details.
]]></system-err>
</testsuite>
